2025-11-27 22:22:35.195 -05:00 [INF] Starting Intersect Client v0.8.0.553-beta+1459a026205d9a38fb72c4069d0d734fc70941a8
2025-11-27 22:22:37.869 -05:00 [ERR] Failed to access update server
Newtonsoft.Json.JsonReaderException: Unexpected character encountered while parsing value: <. Path '', line 0, position 0.
   at Newtonsoft.Json.JsonTextReader.ParseValue()
   at Newtonsoft.Json.JsonTextReader.Read()
   at Newtonsoft.Json.JsonReader.ReadAndMoveToContent()
   at Newtonsoft.Json.JsonReader.ReadForType(JsonContract contract, Boolean hasConverter)
   at Newtonsoft.Json.Serialization.JsonSerializerInternalReader.Deserialize(JsonReader reader, Type objectType, Boolean checkAdditionalContent)
   at Newtonsoft.Json.JsonSerializer.DeserializeInternal(JsonReader reader, Type objectType)
   at Newtonsoft.Json.JsonSerializer.Deserialize(JsonReader reader, Type objectType)
   at Newtonsoft.Json.JsonConvert.DeserializeObject(String value, Type type, JsonSerializerSettings settings)
   at Newtonsoft.Json.JsonConvert.DeserializeObject[T](String value, JsonSerializerSettings settings)
   at Newtonsoft.Json.JsonConvert.DeserializeObject[T](String value)
   at Intersect.Framework.Core.AssetManagement.Updater.TryGetManifest(UpdateManifest& updateManifest, Int32 reattemptTimes, Boolean force) in D:\a\Intersect-Engine\Intersect-Engine\Framework\Intersect.Framework.Core\AssetManagement\Updater.cs:line 181
2025-11-27 22:22:37.890 -05:00 [ERR] Update check failed
System.Exception: Failed to download update manifest
   at Intersect.Framework.Core.AssetManagement.Updater.RunUpdates(CancellationToken cancellationToken) in D:\a\Intersect-Engine\Intersect-Engine\Framework\Intersect.Framework.Core\AssetManagement\Updater.cs:line 374
2025-11-27 22:23:29.686 -05:00 [INF] Starting Intersect Client v0.8.0.553-beta+1459a026205d9a38fb72c4069d0d734fc70941a8
2025-11-27 22:23:31.628 -05:00 [ERR] Exception thrown while trying to load 'resources\gui\skin-intersect.png'
System.IO.DirectoryNotFoundException: Could not find a part of the path 'C:\Users\Admin\Desktop\MMO\EKPatch\resources\gui\resources\gui\skin-intersect.png'.
   at Microsoft.Win32.SafeHandles.SafeFileHandle.CreateFile(String fullPath, FileMode mode, FileAccess access, FileShare share, FileOptions options)
   at Microsoft.Win32.SafeHandles.SafeFileHandle.Open(String fullPath, FileMode mode, FileAccess access, FileShare share, FileOptions options, Int64 preallocationSize, Nullable`1 unixCreateMode)
   at System.IO.Strategies.OSFileStreamStrategy..ctor(String path, FileMode mode, FileAccess access, FileShare share, FileOptions options, Int64 preallocationSize, Nullable`1 unixCreateMode)
   at System.IO.Strategies.FileStreamHelpers.ChooseStrategyCore(String path, FileMode mode, FileAccess access, FileShare share, FileOptions options, Int64 preallocationSize, Nullable`1 unixCreateMode)
   at System.IO.File.OpenRead(String path)
   at Intersect.Client.Framework.Graphics.GameRenderer.<>c__DisplayClass145_0.<LoadTexture>b__0() in D:\a\Intersect-Engine\Intersect-Engine\Intersect.Client.Framework\Graphics\GameRenderer.cs:line 648
   at Intersect.Client.Framework.Graphics.GameTexture`2.LoadPlatformTexture(Boolean force) in D:\a\Intersect-Engine\Intersect-Engine\Intersect.Client.Framework\Graphics\GameTexture.cs:line 273
2025-11-27 22:23:31.678 -05:00 [ERR] Exception thrown while trying to load 'resources\gui\logo.png'
System.IO.DirectoryNotFoundException: Could not find a part of the path 'C:\Users\Admin\Desktop\MMO\EKPatch\resources\gui\resources\gui\logo.png'.
   at Microsoft.Win32.SafeHandles.SafeFileHandle.CreateFile(String fullPath, FileMode mode, FileAccess access, FileShare share, FileOptions options)
   at Microsoft.Win32.SafeHandles.SafeFileHandle.Open(String fullPath, FileMode mode, FileAccess access, FileShare share, FileOptions options, Int64 preallocationSize, Nullable`1 unixCreateMode)
   at System.IO.Strategies.OSFileStreamStrategy..ctor(String path, FileMode mode, FileAccess access, FileShare share, FileOptions options, Int64 preallocationSize, Nullable`1 unixCreateMode)
   at System.IO.Strategies.FileStreamHelpers.ChooseStrategyCore(String path, FileMode mode, FileAccess access, FileShare share, FileOptions options, Int64 preallocationSize, Nullable`1 unixCreateMode)
   at System.IO.File.OpenRead(String path)
   at Intersect.Client.Framework.Graphics.GameRenderer.<>c__DisplayClass145_0.<LoadTexture>b__0() in D:\a\Intersect-Engine\Intersect-Engine\Intersect.Client.Framework\Graphics\GameRenderer.cs:line 648
   at Intersect.Client.Framework.Graphics.GameTexture`2.LoadPlatformTexture(Boolean force) in D:\a\Intersect-Engine\Intersect-Engine\Intersect.Client.Framework\Graphics\GameTexture.cs:line 273
2025-11-27 22:23:31.708 -05:00 [ERR] Exception thrown while trying to load 'resources\gui\statusbg.png'
System.IO.DirectoryNotFoundException: Could not find a part of the path 'C:\Users\Admin\Desktop\MMO\EKPatch\resources\gui\resources\gui\statusbg.png'.
   at Microsoft.Win32.SafeHandles.SafeFileHandle.CreateFile(String fullPath, FileMode mode, FileAccess access, FileShare share, FileOptions options)
   at Microsoft.Win32.SafeHandles.SafeFileHandle.Open(String fullPath, FileMode mode, FileAccess access, FileShare share, FileOptions options, Int64 preallocationSize, Nullable`1 unixCreateMode)
   at System.IO.Strategies.OSFileStreamStrategy..ctor(String path, FileMode mode, FileAccess access, FileShare share, FileOptions options, Int64 preallocationSize, Nullable`1 unixCreateMode)
   at System.IO.Strategies.FileStreamHelpers.ChooseStrategyCore(String path, FileMode mode, FileAccess access, FileShare share, FileOptions options, Int64 preallocationSize, Nullable`1 unixCreateMode)
   at System.IO.File.OpenRead(String path)
   at Intersect.Client.Framework.Graphics.GameRenderer.<>c__DisplayClass145_0.<LoadTexture>b__0() in D:\a\Intersect-Engine\Intersect-Engine\Intersect.Client.Framework\Graphics\GameRenderer.cs:line 648
   at Intersect.Client.Framework.Graphics.GameTexture`2.LoadPlatformTexture(Boolean force) in D:\a\Intersect-Engine\Intersect-Engine\Intersect.Client.Framework\Graphics\GameTexture.cs:line 273
2025-11-27 22:23:41.332 -05:00 [ERR] Exception thrown while trying to load 'resources\gui\background.png'
System.IO.DirectoryNotFoundException: Could not find a part of the path 'C:\Users\Admin\Desktop\MMO\EKPatch\resources\gui\resources\gui\background.png'.
   at Microsoft.Win32.SafeHandles.SafeFileHandle.CreateFile(String fullPath, FileMode mode, FileAccess access, FileShare share, FileOptions options)
   at Microsoft.Win32.SafeHandles.SafeFileHandle.Open(String fullPath, FileMode mode, FileAccess access, FileShare share, FileOptions options, Int64 preallocationSize, Nullable`1 unixCreateMode)
   at System.IO.Strategies.OSFileStreamStrategy..ctor(String path, FileMode mode, FileAccess access, FileShare share, FileOptions options, Int64 preallocationSize, Nullable`1 unixCreateMode)
   at System.IO.Strategies.FileStreamHelpers.ChooseStrategyCore(String path, FileMode mode, FileAccess access, FileShare share, FileOptions options, Int64 preallocationSize, Nullable`1 unixCreateMode)
   at System.IO.File.OpenRead(String path)
   at Intersect.Client.Framework.Graphics.GameRenderer.<>c__DisplayClass145_0.<LoadTexture>b__0() in D:\a\Intersect-Engine\Intersect-Engine\Intersect.Client.Framework\Graphics\GameRenderer.cs:line 648
   at Intersect.Client.Framework.Graphics.GameTexture`2.LoadPlatformTexture(Boolean force) in D:\a\Intersect-Engine\Intersect-Engine\Intersect.Client.Framework\Graphics\GameTexture.cs:line 273
2025-11-27 22:23:41.341 -05:00 [ERR] Text color for the current control state of 'Titlebar._label' is somehow null IsDisabled=false IsActive=false IsHovered=false
2025-11-27 22:23:41.341 -05:00 [ERR] Text color for the current control state of Intersect.Client.Framework.Gwen.Control.Button 'MainMenuWindow_online._buttonLogin' is somehow null IsDisabled=true IsActive=false IsHovered=false
2025-11-27 22:23:41.342 -05:00 [ERR] Text color for the current control state of Intersect.Client.Framework.Gwen.Control.Button 'MainMenuWindow_online._buttonRegister' is somehow null IsDisabled=true IsActive=false IsHovered=false
2025-11-27 22:23:41.342 -05:00 [ERR] Text color for the current control state of Intersect.Client.Framework.Gwen.Control.Button 'MainMenuWindow_online._buttonSettings' is somehow null IsDisabled=false IsActive=false IsHovered=false
2025-11-27 22:23:41.342 -05:00 [ERR] Text color for the current control state of Intersect.Client.Framework.Gwen.Control.Button 'MainMenuWindow_online._buttonCredits' is somehow null IsDisabled=false IsActive=false IsHovered=false
2025-11-27 22:23:41.342 -05:00 [ERR] Text color for the current control state of Intersect.Client.Framework.Gwen.Control.Button 'MainMenuWindow_online._buttonExit' is somehow null IsDisabled=false IsActive=false IsHovered=false
2025-11-27 22:23:41.387 -05:00 [ERR] Text color for the current control state of 'Titlebar._label' is somehow null IsDisabled=false IsActive=false IsHovered=false
2025-11-27 22:23:41.407 -05:00 [FTL] Game is crashing due to an exception
System.NullReferenceException: Object reference not set to an instance of an object.
   at Intersect.Client.Framework.Gwen.Skin.Texturing.Bordered.Equals(Bordered other) in D:\a\Intersect-Engine\Intersect-Engine\Intersect.Client.Framework\Gwen\Skin\Texturing\Bordered.cs:line 188
   at Intersect.Client.Framework.Gwen.Skin.Texturing.Bordered.op_Inequality(Bordered lhs, Bordered rhs) in D:\a\Intersect-Engine\Intersect-Engine\Intersect.Client.Framework\Gwen\Skin\Texturing\Bordered.cs:line 203
   at Intersect.Client.Framework.Gwen.Skin.IntersectSkin.DrawWindow(Base control, Int32 topHeight, Boolean inFocus) in D:\a\Intersect-Engine\Intersect-Engine\Intersect.Client.Framework\Gwen\Skin\IntersectSkin.cs:line 335
   at Intersect.Client.Framework.Gwen.Control.WindowControl.Render(Base skin) in D:\a\Intersect-Engine\Intersect-Engine\Intersect.Client.Framework\Gwen\Control\WindowControl.cs:line 316
   at Intersect.Client.Framework.Gwen.Control.Base.RenderRecursive(Base skin, Rectangle clipRect) in D:\a\Intersect-Engine\Intersect-Engine\Intersect.Client.Framework\Gwen\Control\Base.cs:line 3221
   at Intersect.Client.Framework.Gwen.Control.Base.DoRender(Base skin) in D:\a\Intersect-Engine\Intersect-Engine\Intersect.Client.Framework\Gwen\Control\Base.cs:line 3139
   at Intersect.Client.Framework.Gwen.Control.WindowControl.DoRender(Base skin) in D:\a\Intersect-Engine\Intersect-Engine\Intersect.Client.Framework\Gwen\Control\WindowControl.cs:line 176
   at Intersect.Client.Framework.Gwen.Control.Base.RenderRecursive(Base skin, Rectangle clipRect) in D:\a\Intersect-Engine\Intersect-Engine\Intersect.Client.Framework\Gwen\Control\Base.cs:line 3232
   at Intersect.Client.Framework.Gwen.Control.Base.DoRender(Base skin) in D:\a\Intersect-Engine\Intersect-Engine\Intersect.Client.Framework\Gwen\Control\Base.cs:line 3139
   at Intersect.Client.Framework.Gwen.Control.Canvas.RenderCanvas(TimeSpan elapsed, TimeSpan total) in D:\a\Intersect-Engine\Intersect-Engine\Intersect.Client.Framework\Gwen\Control\Canvas.cs:line 144
   at Intersect.Client.Interface.Menu.MenuGuiBase.Draw(TimeSpan elapsed, TimeSpan total) in D:\a\Intersect-Engine\Intersect-Engine\Intersect.Client.Core\Interface\Menu\MenuGuiBase.cs:line 67
   at Intersect.Client.Interface.Interface.DrawGui(TimeSpan elapsed, TimeSpan total) in D:\a\Intersect-Engine\Intersect-Engine\Intersect.Client.Core\Interface\Interface.cs:line 364
   at Intersect.Client.Core.Graphics.Render(TimeSpan deltaTime, TimeSpan totalTime) in D:\a\Intersect-Engine\Intersect-Engine\Intersect.Client.Core\Core\Graphics.cs:line 613
   at Intersect.Client.MonoGame.IntersectGame.Draw(GameTime gameTime) in D:\a\Intersect-Engine\Intersect-Engine\Intersect.Client.Core\MonoGame\IntersectGame.cs:line 332
   at Microsoft.Xna.Framework.Game.DoDraw(GameTime gameTime)
   at Microsoft.Xna.Framework.Game.Tick()
   at Microsoft.Xna.Framework.SdlGamePlatform.RunLoop()
   at Microsoft.Xna.Framework.Game.Run(GameRunBehavior runBehavior)
   at Microsoft.Xna.Framework.Game.Run()
   at Intersect.Client.MonoGame.IntersectGame.MonoGameRunner.Start(IClientContext context, Action postStartupAction) in D:\a\Intersect-Engine\Intersect-Engine\Intersect.Client.Core\MonoGame\IntersectGame.cs:line 613
2025-11-27 22:23:41.439 -05:00 [ERR] Failed to start application context
System.NullReferenceException: Object reference not set to an instance of an object.
   at Intersect.Client.Framework.Gwen.Skin.Texturing.Bordered.Equals(Bordered other) in D:\a\Intersect-Engine\Intersect-Engine\Intersect.Client.Framework\Gwen\Skin\Texturing\Bordered.cs:line 188
   at Intersect.Client.Framework.Gwen.Skin.Texturing.Bordered.op_Inequality(Bordered lhs, Bordered rhs) in D:\a\Intersect-Engine\Intersect-Engine\Intersect.Client.Framework\Gwen\Skin\Texturing\Bordered.cs:line 203
   at Intersect.Client.Framework.Gwen.Skin.IntersectSkin.DrawWindow(Base control, Int32 topHeight, Boolean inFocus) in D:\a\Intersect-Engine\Intersect-Engine\Intersect.Client.Framework\Gwen\Skin\IntersectSkin.cs:line 335
   at Intersect.Client.Framework.Gwen.Control.WindowControl.Render(Base skin) in D:\a\Intersect-Engine\Intersect-Engine\Intersect.Client.Framework\Gwen\Control\WindowControl.cs:line 316
   at Intersect.Client.Framework.Gwen.Control.Base.RenderRecursive(Base skin, Rectangle clipRect) in D:\a\Intersect-Engine\Intersect-Engine\Intersect.Client.Framework\Gwen\Control\Base.cs:line 3221
   at Intersect.Client.Framework.Gwen.Control.Base.DoRender(Base skin) in D:\a\Intersect-Engine\Intersect-Engine\Intersect.Client.Framework\Gwen\Control\Base.cs:line 3139
   at Intersect.Client.Framework.Gwen.Control.WindowControl.DoRender(Base skin) in D:\a\Intersect-Engine\Intersect-Engine\Intersect.Client.Framework\Gwen\Control\WindowControl.cs:line 176
   at Intersect.Client.Framework.Gwen.Control.Base.RenderRecursive(Base skin, Rectangle clipRect) in D:\a\Intersect-Engine\Intersect-Engine\Intersect.Client.Framework\Gwen\Control\Base.cs:line 3232
   at Intersect.Client.Framework.Gwen.Control.Base.DoRender(Base skin) in D:\a\Intersect-Engine\Intersect-Engine\Intersect.Client.Framework\Gwen\Control\Base.cs:line 3139
   at Intersect.Client.Framework.Gwen.Control.Canvas.RenderCanvas(TimeSpan elapsed, TimeSpan total) in D:\a\Intersect-Engine\Intersect-Engine\Intersect.Client.Framework\Gwen\Control\Canvas.cs:line 144
   at Intersect.Client.Interface.Menu.MenuGuiBase.Draw(TimeSpan elapsed, TimeSpan total) in D:\a\Intersect-Engine\Intersect-Engine\Intersect.Client.Core\Interface\Menu\MenuGuiBase.cs:line 67
   at Intersect.Client.Interface.Interface.DrawGui(TimeSpan elapsed, TimeSpan total) in D:\a\Intersect-Engine\Intersect-Engine\Intersect.Client.Core\Interface\Interface.cs:line 364
   at Intersect.Client.Core.Graphics.Render(TimeSpan deltaTime, TimeSpan totalTime) in D:\a\Intersect-Engine\Intersect-Engine\Intersect.Client.Core\Core\Graphics.cs:line 613
   at Intersect.Client.MonoGame.IntersectGame.Draw(GameTime gameTime) in D:\a\Intersect-Engine\Intersect-Engine\Intersect.Client.Core\MonoGame\IntersectGame.cs:line 332
   at Microsoft.Xna.Framework.Game.DoDraw(GameTime gameTime)
   at Microsoft.Xna.Framework.Game.Tick()
   at Microsoft.Xna.Framework.SdlGamePlatform.RunLoop()
   at Microsoft.Xna.Framework.Game.Run(GameRunBehavior runBehavior)
   at Microsoft.Xna.Framework.Game.Run()
   at Intersect.Client.MonoGame.IntersectGame.MonoGameRunner.Start(IClientContext context, Action postStartupAction) in D:\a\Intersect-Engine\Intersect-Engine\Intersect.Client.Core\MonoGame\IntersectGame.cs:line 613
   at Intersect.Client.Core.ClientContext.InternalStart() in D:\a\Intersect-Engine\Intersect-Engine\Intersect.Client.Core\Core\ClientContext.cs:line 97
   at Intersect.Core.ApplicationContext`2.Start(Boolean lockUntilShutdown) in D:\a\Intersect-Engine\Intersect-Engine\Intersect (Core)\Core\ApplicationContext`2.cs:line 245
2025-11-27 22:23:43.049 -05:00 [INF] Starting Intersect Client v0.8.0.553-beta+1459a026205d9a38fb72c4069d0d734fc70941a8
2025-11-27 22:23:44.994 -05:00 [ERR] Exception thrown while trying to load 'resources\gui\skin-intersect.png'
System.IO.DirectoryNotFoundException: Could not find a part of the path 'C:\Users\Admin\Desktop\MMO\EKPatch\resources\gui\resources\gui\skin-intersect.png'.
   at Microsoft.Win32.SafeHandles.SafeFileHandle.CreateFile(String fullPath, FileMode mode, FileAccess access, FileShare share, FileOptions options)
   at Microsoft.Win32.SafeHandles.SafeFileHandle.Open(String fullPath, FileMode mode, FileAccess access, FileShare share, FileOptions options, Int64 preallocationSize, Nullable`1 unixCreateMode)
   at System.IO.Strategies.OSFileStreamStrategy..ctor(String path, FileMode mode, FileAccess access, FileShare share, FileOptions options, Int64 preallocationSize, Nullable`1 unixCreateMode)
   at System.IO.Strategies.FileStreamHelpers.ChooseStrategyCore(String path, FileMode mode, FileAccess access, FileShare share, FileOptions options, Int64 preallocationSize, Nullable`1 unixCreateMode)
   at System.IO.File.OpenRead(String path)
   at Intersect.Client.Framework.Graphics.GameRenderer.<>c__DisplayClass145_0.<LoadTexture>b__0() in D:\a\Intersect-Engine\Intersect-Engine\Intersect.Client.Framework\Graphics\GameRenderer.cs:line 648
   at Intersect.Client.Framework.Graphics.GameTexture`2.LoadPlatformTexture(Boolean force) in D:\a\Intersect-Engine\Intersect-Engine\Intersect.Client.Framework\Graphics\GameTexture.cs:line 273
2025-11-27 22:23:45.045 -05:00 [ERR] Exception thrown while trying to load 'resources\gui\logo.png'
System.IO.DirectoryNotFoundException: Could not find a part of the path 'C:\Users\Admin\Desktop\MMO\EKPatch\resources\gui\resources\gui\logo.png'.
   at Microsoft.Win32.SafeHandles.SafeFileHandle.CreateFile(String fullPath, FileMode mode, FileAccess access, FileShare share, FileOptions options)
   at Microsoft.Win32.SafeHandles.SafeFileHandle.Open(String fullPath, FileMode mode, FileAccess access, FileShare share, FileOptions options, Int64 preallocationSize, Nullable`1 unixCreateMode)
   at System.IO.Strategies.OSFileStreamStrategy..ctor(String path, FileMode mode, FileAccess access, FileShare share, FileOptions options, Int64 preallocationSize, Nullable`1 unixCreateMode)
   at System.IO.Strategies.FileStreamHelpers.ChooseStrategyCore(String path, FileMode mode, FileAccess access, FileShare share, FileOptions options, Int64 preallocationSize, Nullable`1 unixCreateMode)
   at System.IO.File.OpenRead(String path)
   at Intersect.Client.Framework.Graphics.GameRenderer.<>c__DisplayClass145_0.<LoadTexture>b__0() in D:\a\Intersect-Engine\Intersect-Engine\Intersect.Client.Framework\Graphics\GameRenderer.cs:line 648
   at Intersect.Client.Framework.Graphics.GameTexture`2.LoadPlatformTexture(Boolean force) in D:\a\Intersect-Engine\Intersect-Engine\Intersect.Client.Framework\Graphics\GameTexture.cs:line 273
2025-11-27 22:23:45.074 -05:00 [ERR] Exception thrown while trying to load 'resources\gui\statusbg.png'
System.IO.DirectoryNotFoundException: Could not find a part of the path 'C:\Users\Admin\Desktop\MMO\EKPatch\resources\gui\resources\gui\statusbg.png'.
   at Microsoft.Win32.SafeHandles.SafeFileHandle.CreateFile(String fullPath, FileMode mode, FileAccess access, FileShare share, FileOptions options)
   at Microsoft.Win32.SafeHandles.SafeFileHandle.Open(String fullPath, FileMode mode, FileAccess access, FileShare share, FileOptions options, Int64 preallocationSize, Nullable`1 unixCreateMode)
   at System.IO.Strategies.OSFileStreamStrategy..ctor(String path, FileMode mode, FileAccess access, FileShare share, FileOptions options, Int64 preallocationSize, Nullable`1 unixCreateMode)
   at System.IO.Strategies.FileStreamHelpers.ChooseStrategyCore(String path, FileMode mode, FileAccess access, FileShare share, FileOptions options, Int64 preallocationSize, Nullable`1 unixCreateMode)
   at System.IO.File.OpenRead(String path)
   at Intersect.Client.Framework.Graphics.GameRenderer.<>c__DisplayClass145_0.<LoadTexture>b__0() in D:\a\Intersect-Engine\Intersect-Engine\Intersect.Client.Framework\Graphics\GameRenderer.cs:line 648
   at Intersect.Client.Framework.Graphics.GameTexture`2.LoadPlatformTexture(Boolean force) in D:\a\Intersect-Engine\Intersect-Engine\Intersect.Client.Framework\Graphics\GameTexture.cs:line 273
2025-11-27 22:23:54.841 -05:00 [ERR] Exception thrown while trying to load 'resources\gui\background.png'
System.IO.DirectoryNotFoundException: Could not find a part of the path 'C:\Users\Admin\Desktop\MMO\EKPatch\resources\gui\resources\gui\background.png'.
   at Microsoft.Win32.SafeHandles.SafeFileHandle.CreateFile(String fullPath, FileMode mode, FileAccess access, FileShare share, FileOptions options)
   at Microsoft.Win32.SafeHandles.SafeFileHandle.Open(String fullPath, FileMode mode, FileAccess access, FileShare share, FileOptions options, Int64 preallocationSize, Nullable`1 unixCreateMode)
   at System.IO.Strategies.OSFileStreamStrategy..ctor(String path, FileMode mode, FileAccess access, FileShare share, FileOptions options, Int64 preallocationSize, Nullable`1 unixCreateMode)
   at System.IO.Strategies.FileStreamHelpers.ChooseStrategyCore(String path, FileMode mode, FileAccess access, FileShare share, FileOptions options, Int64 preallocationSize, Nullable`1 unixCreateMode)
   at System.IO.File.OpenRead(String path)
   at Intersect.Client.Framework.Graphics.GameRenderer.<>c__DisplayClass145_0.<LoadTexture>b__0() in D:\a\Intersect-Engine\Intersect-Engine\Intersect.Client.Framework\Graphics\GameRenderer.cs:line 648
   at Intersect.Client.Framework.Graphics.GameTexture`2.LoadPlatformTexture(Boolean force) in D:\a\Intersect-Engine\Intersect-Engine\Intersect.Client.Framework\Graphics\GameTexture.cs:line 273
2025-11-27 22:23:54.850 -05:00 [ERR] Text color for the current control state of 'Titlebar._label' is somehow null IsDisabled=false IsActive=false IsHovered=false
2025-11-27 22:23:54.851 -05:00 [ERR] Text color for the current control state of Intersect.Client.Framework.Gwen.Control.Button 'MainMenuWindow_online._buttonLogin' is somehow null IsDisabled=true IsActive=false IsHovered=false
2025-11-27 22:23:54.851 -05:00 [ERR] Text color for the current control state of Intersect.Client.Framework.Gwen.Control.Button 'MainMenuWindow_online._buttonRegister' is somehow null IsDisabled=true IsActive=false IsHovered=false
2025-11-27 22:23:54.851 -05:00 [ERR] Text color for the current control state of Intersect.Client.Framework.Gwen.Control.Button 'MainMenuWindow_online._buttonSettings' is somehow null IsDisabled=false IsActive=false IsHovered=false
2025-11-27 22:23:54.851 -05:00 [ERR] Text color for the current control state of Intersect.Client.Framework.Gwen.Control.Button 'MainMenuWindow_online._buttonCredits' is somehow null IsDisabled=false IsActive=false IsHovered=false
2025-11-27 22:23:54.851 -05:00 [ERR] Text color for the current control state of Intersect.Client.Framework.Gwen.Control.Button 'MainMenuWindow_online._buttonExit' is somehow null IsDisabled=false IsActive=false IsHovered=false
2025-11-27 22:23:54.896 -05:00 [ERR] Text color for the current control state of 'Titlebar._label' is somehow null IsDisabled=false IsActive=false IsHovered=false
2025-11-27 22:23:54.915 -05:00 [FTL] Game is crashing due to an exception
System.NullReferenceException: Object reference not set to an instance of an object.
   at Intersect.Client.Framework.Gwen.Skin.Texturing.Bordered.Equals(Bordered other) in D:\a\Intersect-Engine\Intersect-Engine\Intersect.Client.Framework\Gwen\Skin\Texturing\Bordered.cs:line 188
   at Intersect.Client.Framework.Gwen.Skin.Texturing.Bordered.op_Inequality(Bordered lhs, Bordered rhs) in D:\a\Intersect-Engine\Intersect-Engine\Intersect.Client.Framework\Gwen\Skin\Texturing\Bordered.cs:line 203
   at Intersect.Client.Framework.Gwen.Skin.IntersectSkin.DrawWindow(Base control, Int32 topHeight, Boolean inFocus) in D:\a\Intersect-Engine\Intersect-Engine\Intersect.Client.Framework\Gwen\Skin\IntersectSkin.cs:line 335
   at Intersect.Client.Framework.Gwen.Control.WindowControl.Render(Base skin) in D:\a\Intersect-Engine\Intersect-Engine\Intersect.Client.Framework\Gwen\Control\WindowControl.cs:line 316
   at Intersect.Client.Framework.Gwen.Control.Base.RenderRecursive(Base skin, Rectangle clipRect) in D:\a\Intersect-Engine\Intersect-Engine\Intersect.Client.Framework\Gwen\Control\Base.cs:line 3221
   at Intersect.Client.Framework.Gwen.Control.Base.DoRender(Base skin) in D:\a\Intersect-Engine\Intersect-Engine\Intersect.Client.Framework\Gwen\Control\Base.cs:line 3139
   at Intersect.Client.Framework.Gwen.Control.WindowControl.DoRender(Base skin) in D:\a\Intersect-Engine\Intersect-Engine\Intersect.Client.Framework\Gwen\Control\WindowControl.cs:line 176
   at Intersect.Client.Framework.Gwen.Control.Base.RenderRecursive(Base skin, Rectangle clipRect) in D:\a\Intersect-Engine\Intersect-Engine\Intersect.Client.Framework\Gwen\Control\Base.cs:line 3232
   at Intersect.Client.Framework.Gwen.Control.Base.DoRender(Base skin) in D:\a\Intersect-Engine\Intersect-Engine\Intersect.Client.Framework\Gwen\Control\Base.cs:line 3139
   at Intersect.Client.Framework.Gwen.Control.Canvas.RenderCanvas(TimeSpan elapsed, TimeSpan total) in D:\a\Intersect-Engine\Intersect-Engine\Intersect.Client.Framework\Gwen\Control\Canvas.cs:line 144
   at Intersect.Client.Interface.Menu.MenuGuiBase.Draw(TimeSpan elapsed, TimeSpan total) in D:\a\Intersect-Engine\Intersect-Engine\Intersect.Client.Core\Interface\Menu\MenuGuiBase.cs:line 67
   at Intersect.Client.Interface.Interface.DrawGui(TimeSpan elapsed, TimeSpan total) in D:\a\Intersect-Engine\Intersect-Engine\Intersect.Client.Core\Interface\Interface.cs:line 364
   at Intersect.Client.Core.Graphics.Render(TimeSpan deltaTime, TimeSpan totalTime) in D:\a\Intersect-Engine\Intersect-Engine\Intersect.Client.Core\Core\Graphics.cs:line 613
   at Intersect.Client.MonoGame.IntersectGame.Draw(GameTime gameTime) in D:\a\Intersect-Engine\Intersect-Engine\Intersect.Client.Core\MonoGame\IntersectGame.cs:line 332
   at Microsoft.Xna.Framework.Game.DoDraw(GameTime gameTime)
   at Microsoft.Xna.Framework.Game.Tick()
   at Microsoft.Xna.Framework.SdlGamePlatform.RunLoop()
   at Microsoft.Xna.Framework.Game.Run(GameRunBehavior runBehavior)
   at Microsoft.Xna.Framework.Game.Run()
   at Intersect.Client.MonoGame.IntersectGame.MonoGameRunner.Start(IClientContext context, Action postStartupAction) in D:\a\Intersect-Engine\Intersect-Engine\Intersect.Client.Core\MonoGame\IntersectGame.cs:line 613
2025-11-27 22:23:54.937 -05:00 [ERR] Failed to start application context
System.NullReferenceException: Object reference not set to an instance of an object.
   at Intersect.Client.Framework.Gwen.Skin.Texturing.Bordered.Equals(Bordered other) in D:\a\Intersect-Engine\Intersect-Engine\Intersect.Client.Framework\Gwen\Skin\Texturing\Bordered.cs:line 188
   at Intersect.Client.Framework.Gwen.Skin.Texturing.Bordered.op_Inequality(Bordered lhs, Bordered rhs) in D:\a\Intersect-Engine\Intersect-Engine\Intersect.Client.Framework\Gwen\Skin\Texturing\Bordered.cs:line 203
   at Intersect.Client.Framework.Gwen.Skin.IntersectSkin.DrawWindow(Base control, Int32 topHeight, Boolean inFocus) in D:\a\Intersect-Engine\Intersect-Engine\Intersect.Client.Framework\Gwen\Skin\IntersectSkin.cs:line 335
   at Intersect.Client.Framework.Gwen.Control.WindowControl.Render(Base skin) in D:\a\Intersect-Engine\Intersect-Engine\Intersect.Client.Framework\Gwen\Control\WindowControl.cs:line 316
   at Intersect.Client.Framework.Gwen.Control.Base.RenderRecursive(Base skin, Rectangle clipRect) in D:\a\Intersect-Engine\Intersect-Engine\Intersect.Client.Framework\Gwen\Control\Base.cs:line 3221
   at Intersect.Client.Framework.Gwen.Control.Base.DoRender(Base skin) in D:\a\Intersect-Engine\Intersect-Engine\Intersect.Client.Framework\Gwen\Control\Base.cs:line 3139
   at Intersect.Client.Framework.Gwen.Control.WindowControl.DoRender(Base skin) in D:\a\Intersect-Engine\Intersect-Engine\Intersect.Client.Framework\Gwen\Control\WindowControl.cs:line 176
   at Intersect.Client.Framework.Gwen.Control.Base.RenderRecursive(Base skin, Rectangle clipRect) in D:\a\Intersect-Engine\Intersect-Engine\Intersect.Client.Framework\Gwen\Control\Base.cs:line 3232
   at Intersect.Client.Framework.Gwen.Control.Base.DoRender(Base skin) in D:\a\Intersect-Engine\Intersect-Engine\Intersect.Client.Framework\Gwen\Control\Base.cs:line 3139
   at Intersect.Client.Framework.Gwen.Control.Canvas.RenderCanvas(TimeSpan elapsed, TimeSpan total) in D:\a\Intersect-Engine\Intersect-Engine\Intersect.Client.Framework\Gwen\Control\Canvas.cs:line 144
   at Intersect.Client.Interface.Menu.MenuGuiBase.Draw(TimeSpan elapsed, TimeSpan total) in D:\a\Intersect-Engine\Intersect-Engine\Intersect.Client.Core\Interface\Menu\MenuGuiBase.cs:line 67
   at Intersect.Client.Interface.Interface.DrawGui(TimeSpan elapsed, TimeSpan total) in D:\a\Intersect-Engine\Intersect-Engine\Intersect.Client.Core\Interface\Interface.cs:line 364
   at Intersect.Client.Core.Graphics.Render(TimeSpan deltaTime, TimeSpan totalTime) in D:\a\Intersect-Engine\Intersect-Engine\Intersect.Client.Core\Core\Graphics.cs:line 613
   at Intersect.Client.MonoGame.IntersectGame.Draw(GameTime gameTime) in D:\a\Intersect-Engine\Intersect-Engine\Intersect.Client.Core\MonoGame\IntersectGame.cs:line 332
   at Microsoft.Xna.Framework.Game.DoDraw(GameTime gameTime)
   at Microsoft.Xna.Framework.Game.Tick()
   at Microsoft.Xna.Framework.SdlGamePlatform.RunLoop()
   at Microsoft.Xna.Framework.Game.Run(GameRunBehavior runBehavior)
   at Microsoft.Xna.Framework.Game.Run()
   at Intersect.Client.MonoGame.IntersectGame.MonoGameRunner.Start(IClientContext context, Action postStartupAction) in D:\a\Intersect-Engine\Intersect-Engine\Intersect.Client.Core\MonoGame\IntersectGame.cs:line 613
   at Intersect.Client.Core.ClientContext.InternalStart() in D:\a\Intersect-Engine\Intersect-Engine\Intersect.Client.Core\Core\ClientContext.cs:line 97
   at Intersect.Core.ApplicationContext`2.Start(Boolean lockUntilShutdown) in D:\a\Intersect-Engine\Intersect-Engine\Intersect (Core)\Core\ApplicationContext`2.cs:line 245
2025-11-27 22:24:08.685 -05:00 [INF] Starting Intersect Client v0.8.0.553-beta+1459a026205d9a38fb72c4069d0d734fc70941a8
2025-11-27 22:24:10.706 -05:00 [ERR] Exception thrown while trying to load 'resources\gui\skin-intersect.png'
System.IO.DirectoryNotFoundException: Could not find a part of the path 'C:\Users\Admin\Desktop\MMO\EKPatch\resources\gui\resources\gui\skin-intersect.png'.
   at Microsoft.Win32.SafeHandles.SafeFileHandle.CreateFile(String fullPath, FileMode mode, FileAccess access, FileShare share, FileOptions options)
   at Microsoft.Win32.SafeHandles.SafeFileHandle.Open(String fullPath, FileMode mode, FileAccess access, FileShare share, FileOptions options, Int64 preallocationSize, Nullable`1 unixCreateMode)
   at System.IO.Strategies.OSFileStreamStrategy..ctor(String path, FileMode mode, FileAccess access, FileShare share, FileOptions options, Int64 preallocationSize, Nullable`1 unixCreateMode)
   at System.IO.Strategies.FileStreamHelpers.ChooseStrategyCore(String path, FileMode mode, FileAccess access, FileShare share, FileOptions options, Int64 preallocationSize, Nullable`1 unixCreateMode)
   at System.IO.File.OpenRead(String path)
   at Intersect.Client.Framework.Graphics.GameRenderer.<>c__DisplayClass145_0.<LoadTexture>b__0() in D:\a\Intersect-Engine\Intersect-Engine\Intersect.Client.Framework\Graphics\GameRenderer.cs:line 648
   at Intersect.Client.Framework.Graphics.GameTexture`2.LoadPlatformTexture(Boolean force) in D:\a\Intersect-Engine\Intersect-Engine\Intersect.Client.Framework\Graphics\GameTexture.cs:line 273
2025-11-27 22:24:10.758 -05:00 [ERR] Exception thrown while trying to load 'resources\gui\logo.png'
System.IO.DirectoryNotFoundException: Could not find a part of the path 'C:\Users\Admin\Desktop\MMO\EKPatch\resources\gui\resources\gui\logo.png'.
   at Microsoft.Win32.SafeHandles.SafeFileHandle.CreateFile(String fullPath, FileMode mode, FileAccess access, FileShare share, FileOptions options)
   at Microsoft.Win32.SafeHandles.SafeFileHandle.Open(String fullPath, FileMode mode, FileAccess access, FileShare share, FileOptions options, Int64 preallocationSize, Nullable`1 unixCreateMode)
   at System.IO.Strategies.OSFileStreamStrategy..ctor(String path, FileMode mode, FileAccess access, FileShare share, FileOptions options, Int64 preallocationSize, Nullable`1 unixCreateMode)
   at System.IO.Strategies.FileStreamHelpers.ChooseStrategyCore(String path, FileMode mode, FileAccess access, FileShare share, FileOptions options, Int64 preallocationSize, Nullable`1 unixCreateMode)
   at System.IO.File.OpenRead(String path)
   at Intersect.Client.Framework.Graphics.GameRenderer.<>c__DisplayClass145_0.<LoadTexture>b__0() in D:\a\Intersect-Engine\Intersect-Engine\Intersect.Client.Framework\Graphics\GameRenderer.cs:line 648
   at Intersect.Client.Framework.Graphics.GameTexture`2.LoadPlatformTexture(Boolean force) in D:\a\Intersect-Engine\Intersect-Engine\Intersect.Client.Framework\Graphics\GameTexture.cs:line 273
2025-11-27 22:24:10.787 -05:00 [ERR] Exception thrown while trying to load 'resources\gui\statusbg.png'
System.IO.DirectoryNotFoundException: Could not find a part of the path 'C:\Users\Admin\Desktop\MMO\EKPatch\resources\gui\resources\gui\statusbg.png'.
   at Microsoft.Win32.SafeHandles.SafeFileHandle.CreateFile(String fullPath, FileMode mode, FileAccess access, FileShare share, FileOptions options)
   at Microsoft.Win32.SafeHandles.SafeFileHandle.Open(String fullPath, FileMode mode, FileAccess access, FileShare share, FileOptions options, Int64 preallocationSize, Nullable`1 unixCreateMode)
   at System.IO.Strategies.OSFileStreamStrategy..ctor(String path, FileMode mode, FileAccess access, FileShare share, FileOptions options, Int64 preallocationSize, Nullable`1 unixCreateMode)
   at System.IO.Strategies.FileStreamHelpers.ChooseStrategyCore(String path, FileMode mode, FileAccess access, FileShare share, FileOptions options, Int64 preallocationSize, Nullable`1 unixCreateMode)
   at System.IO.File.OpenRead(String path)
   at Intersect.Client.Framework.Graphics.GameRenderer.<>c__DisplayClass145_0.<LoadTexture>b__0() in D:\a\Intersect-Engine\Intersect-Engine\Intersect.Client.Framework\Graphics\GameRenderer.cs:line 648
   at Intersect.Client.Framework.Graphics.GameTexture`2.LoadPlatformTexture(Boolean force) in D:\a\Intersect-Engine\Intersect-Engine\Intersect.Client.Framework\Graphics\GameTexture.cs:line 273
