2025-11-27 22:29:31.198 -05:00 [INF] Starting Intersect Client v0.8.0.553-beta+1459a026205d9a38fb72c4069d0d734fc70941a8
2025-11-27 22:29:31.541 -05:00 [INF] Discovered service type: Intersect.Plugins.PluginService
2025-11-27 22:29:31.544 -05:00 [WRN] Directory was specified as a plugin directory but does not exist: 'resources\plugins'
2025-11-27 22:29:31.546 -05:00 [INF] Discovered 0 plugins:

2025-11-27 22:29:32.002 -05:00 [INF] Attempting to fetch update manifest from https://github.com/EmperialKnights/EKPatch/main/resources/gui/updater/update.json
2025-11-27 22:29:32.266 -05:00 [INF] Attempting to fetch update manifest from https://github.com/EmperialKnights/EKPatch/main/resources/gui/updater/update.json
2025-11-27 22:29:32.329 -05:00 [INF] Attempting to fetch update manifest from https://github.com/EmperialKnights/EKPatch/main/resources/gui/updater/update.json
2025-11-27 22:29:32.384 -05:00 [INF] Attempting to fetch update manifest from https://github.com/EmperialKnights/EKPatch/main/resources/gui/updater/update.json
2025-11-27 22:29:32.438 -05:00 [INF] Attempting to fetch update manifest from https://github.com/EmperialKnights/EKPatch/main/resources/gui/updater/update.json
2025-11-27 22:29:32.494 -05:00 [INF] Attempting to fetch update manifest from https://github.com/EmperialKnights/EKPatch/main/resources/gui/updater/update.json
2025-11-27 22:29:48.518 -05:00 [INF] Connecting to na2.hosting.freemmorpgmaker.com:5864...
2025-11-27 22:29:48.573 -05:00 [INF] Connected [fce829c1-4132-4cf0-aa44-6d8ccd3b2e3a].
2025-11-27 22:29:48.583 -05:00 [INF] Connection approved [fce829c1-4132-4cf0-aa44-6d8ccd3b2e3a].
2025-11-27 22:29:48.673 -05:00 [INF] Updated PermissionSet 'default'
2025-11-27 22:29:48.674 -05:00 [INF] Updated PermissionSet 'admin'
2025-11-27 22:29:56.472 -05:00 [INF] Updating active permission set to 'admin'
2025-11-27 22:29:56.537 -05:00 [ERR] Exception thrown while trying to load 'resources\entities\base_male.png'
System.IO.DirectoryNotFoundException: Could not find a part of the path 'C:\Users\Admin\Desktop\MMO\EKPatch\resources\entities\resources\entities\base_male.png'.
   at Microsoft.Win32.SafeHandles.SafeFileHandle.CreateFile(String fullPath, FileMode mode, FileAccess access, FileShare share, FileOptions options)
   at Microsoft.Win32.SafeHandles.SafeFileHandle.Open(String fullPath, FileMode mode, FileAccess access, FileShare share, FileOptions options, Int64 preallocationSize, Nullable`1 unixCreateMode)
   at System.IO.Strategies.OSFileStreamStrategy..ctor(String path, FileMode mode, FileAccess access, FileShare share, FileOptions options, Int64 preallocationSize, Nullable`1 unixCreateMode)
   at System.IO.Strategies.FileStreamHelpers.ChooseStrategyCore(String path, FileMode mode, FileAccess access, FileShare share, FileOptions options, Int64 preallocationSize, Nullable`1 unixCreateMode)
   at System.IO.File.OpenRead(String path)
   at Intersect.Client.Framework.Graphics.GameRenderer.<>c__DisplayClass145_0.<LoadTexture>b__0() in D:\a\Intersect-Engine\Intersect-Engine\Intersect.Client.Framework\Graphics\GameRenderer.cs:line 648
   at Intersect.Client.Framework.Graphics.GameTexture`2.LoadPlatformTexture(Boolean force) in D:\a\Intersect-Engine\Intersect-Engine\Intersect.Client.Framework\Graphics\GameTexture.cs:line 273
2025-11-27 22:29:56.549 -05:00 [WRN] Unable to add '_buttonLogout' to the JSON of MainMenu.SelectCharacterWindow._innerPanel._buttonsPanel because a sibling shares the same name
2025-11-27 22:30:01.277 -05:00 [INF] System window closing (due to user interaction most likely).
2025-11-27 22:30:01.464 -05:00 [INF] Disconnected [fce829c1-4132-4cf0-aa44-6d8ccd3b2e3a].
2025-11-27 22:30:01.465 -05:00 [INF] Updating active permission set to 'default'
2025-11-27 22:30:01.495 -05:00 [INF] Acquiring context lock... (0ms)
2025-11-27 22:30:01.495 -05:00 [INF] Acquired. (0ms)
2025-11-27 22:30:01.496 -05:00 [INF] Beginning context dispose. (0ms)
2025-11-27 22:30:01.497 -05:00 [INF] GC.SuppressFinalize (0ms)
2025-11-27 22:30:01.497 -05:00 [INF] InternalDispose() completed. (0ms)
2025-11-27 22:30:01.497 -05:00 [INF] Clearing instance... (2ms)
2025-11-27 22:30:01.497 -05:00 [INF] Releasing context lock... (2ms)
2025-11-27 22:30:01.497 -05:00 [INF] Released. (2ms)
