2025-11-27 22:01:16.180 -05:00 [INF] Starting Intersect Client v0.8.0.553-beta+1459a026205d9a38fb72c4069d0d734fc70941a8
2025-11-27 22:01:16.528 -05:00 [INF] Discovered service type: Intersect.Plugins.PluginService
2025-11-27 22:01:16.532 -05:00 [WRN] Directory was specified as a plugin directory but does not exist: 'resources\plugins'
2025-11-27 22:01:16.533 -05:00 [INF] Discovered 0 plugins:

2025-11-27 22:01:16.976 -05:00 [INF] Attempting to fetch update manifest from https://github.com/EmperialKnights/EKPatch/blob/main/update/update.json
2025-11-27 22:01:17.634 -05:00 [ERR] Failed to access update server
Newtonsoft.Json.JsonReaderException: Unexpected character encountered while parsing value: <. Path '', line 0, position 0.
   at Newtonsoft.Json.JsonTextReader.ParseValue()
   at Newtonsoft.Json.JsonTextReader.Read()
   at Newtonsoft.Json.JsonReader.ReadAndMoveToContent()
   at Newtonsoft.Json.JsonReader.ReadForType(JsonContract contract, Boolean hasConverter)
   at Newtonsoft.Json.Serialization.JsonSerializerInternalReader.Deserialize(JsonReader reader, Type objectType, Boolean checkAdditionalContent)
   at Newtonsoft.Json.JsonSerializer.DeserializeInternal(JsonReader reader, Type objectType)
   at Newtonsoft.Json.JsonSerializer.Deserialize(JsonReader reader, Type objectType)
   at Newtonsoft.Json.JsonConvert.DeserializeObject(String value, Type type, JsonSerializerSettings settings)
   at Newtonsoft.Json.JsonConvert.DeserializeObject[T](String value, JsonSerializerSettings settings)
   at Newtonsoft.Json.JsonConvert.DeserializeObject[T](String value)
   at Intersect.Framework.Core.AssetManagement.Updater.TryGetManifest(UpdateManifest& updateManifest, Int32 reattemptTimes, Boolean force) in D:\a\Intersect-Engine\Intersect-Engine\Framework\Intersect.Framework.Core\AssetManagement\Updater.cs:line 181
2025-11-27 22:01:17.652 -05:00 [ERR] Update check failed
System.Exception: Failed to download update manifest
   at Intersect.Framework.Core.AssetManagement.Updater.RunUpdates(CancellationToken cancellationToken) in D:\a\Intersect-Engine\Intersect-Engine\Framework\Intersect.Framework.Core\AssetManagement\Updater.cs:line 374
2025-11-27 22:01:18.963 -05:00 [INF] System window closing (due to user interaction most likely).
2025-11-27 22:01:18.978 -05:00 [INF] Acquiring context lock... (0ms)
2025-11-27 22:01:18.978 -05:00 [INF] Acquired. (0ms)
2025-11-27 22:01:18.979 -05:00 [INF] Beginning context dispose. (0ms)
2025-11-27 22:01:18.979 -05:00 [INF] GC.SuppressFinalize (0ms)
2025-11-27 22:01:18.979 -05:00 [INF] InternalDispose() completed. (0ms)
2025-11-27 22:01:18.979 -05:00 [INF] Clearing instance... (1ms)
2025-11-27 22:01:18.979 -05:00 [INF] Releasing context lock... (1ms)
2025-11-27 22:01:18.979 -05:00 [INF] Released. (1ms)
